Running: /home/shw/cqb/14.7/ISE_DS/ISE/bin/lin64/unwrapped/fuse -intstyle ise -incremental -o /home/shw/cqb/ALUExperiment/ALU_isim_beh.exe -prj /home/shw/cqb/ALUExperiment/ALU_beh.prj work.ALU 
ISim P.20131013 (signature 0xfbc00daa)
Number of CPUs detected in this system: 16
Turning on mult-threading, number of parallel sub-compilation jobs: 32 
Determining compilation order of HDL files
Parsing VHDL file "/home/shw/cqb/ALUExperiment/ALU.vhd" into library work
Starting static elaboration
Completed static elaboration
Fuse Memory Usage: 96508 KB
Fuse CPU Usage: 1030 ms
Compiling package standard
Compiling package std_logic_1164
Compiling package std_logic_arith
Compiling package std_logic_unsigned
Compiling architecture behavorial of entity alu
Time Resolution for simulation is 1ps.
Waiting for 1 sub-compilation(s) to finish...
Compiled 5 VHDL Units
Built simulation executable /home/shw/cqb/ALUExperiment/ALU_isim_beh.exe
Fuse Memory Usage: 2242116 KB
Fuse CPU Usage: 1080 ms
GCC CPU Usage: 1540 ms
