Release 14.7 - ngc2edif P.20131013 (nt)
Copyright (c) 1995-2013 Xilinx, Inc.  All rights reserved.
Reading design ALUExperiment.ngc ...
WARNING:NetListWriters:298 - No output is written to ALUExperiment.xncf,
   ignored.
Processing design ...
   Preping design's networks ...
   Preping design's macros ...
WARNING:NetListWriters:306 - Signal bus aluu/tmp_result_shift0002<15 : 3> on
   block ALUExperiment is not reconstructed, because there are some missing bus
   signals.
  finished :Prep
Writing EDIF netlist file ALUExperiment.edif ...
ngc2edif: Total memory usage is 70436 kilobytes

Release 14.7 - ngc2edif P.20131013 (nt)
Copyright (c) 1995-2013 Xilinx, Inc.  All rights reserved.
Reading design ALUExperiment.ngc ...
WARNING:NetListWriters:298 - No output is written to ALUExperiment.xncf,
   ignored.
Processing design ...
   Preping design's networks ...
   Preping design's macros ...
WARNING:NetListWriters:306 - Signal bus aluu/tmp_result_shift0002<15 : 3> on
   block ALUExperiment is not reconstructed, because there are some missing bus
   signals.
  finished :Prep
Writing EDIF netlist file ALUExperiment.edif ...
ngc2edif: Total memory usage is 70360 kilobytes

